<?xml version="1.0" encoding="UTF-8"?>
<!-- Generated by org.testng.reporters.JUnitReportReporter -->
<testsuite hostname="DESKTOP-35GOPG2" failures="0" tests="11" name="dataDrivenTestPackage.OrangeHRMLoginTest" time="90.152" errors="0" timestamp="2020-05-09T02:41:09 EDT" skipped="0">
  <testcase classname="dataDrivenTestPackage.OrangeHRMLoginTest" name="orangeHRMLoginTest" time="8.099"/>
  <system-out/>
  <testcase classname="dataDrivenTestPackage.OrangeHRMLoginTest" name="orangeHRMLoginTest" time="8.326"/>
  <system-out/>
  <testcase classname="dataDrivenTestPackage.OrangeHRMLoginTest" name="orangeHRMLoginTest" time="9.465"/>
  <system-out/>
  <testcase classname="dataDrivenTestPackage.OrangeHRMLoginTest" name="orangeHRMLoginTest" time="7.981"/>
  <system-out/>
  <testcase classname="dataDrivenTestPackage.OrangeHRMLoginTest" name="orangeHRMLoginTest" time="8.018"/>
  <system-out/>
  <testcase classname="dataDrivenTestPackage.OrangeHRMLoginTest" name="orangeHRMLoginTest" time="8.049"/>
  <system-out/>
  <testcase classname="dataDrivenTestPackage.OrangeHRMLoginTest" name="orangeHRMLoginTest" time="8.061"/>
  <system-out/>
  <testcase classname="dataDrivenTestPackage.OrangeHRMLoginTest" name="orangeHRMLoginTest" time="8.504"/>
  <system-out/>
  <testcase classname="dataDrivenTestPackage.OrangeHRMLoginTest" name="orangeHRMLoginTest" time="8.076"/>
  <system-out/>
  <testcase classname="dataDrivenTestPackage.OrangeHRMLoginTest" name="orangeHRMLoginTest" time="8.046"/>
  <system-out/>
  <testcase classname="dataDrivenTestPackage.OrangeHRMLoginTest" name="orangeHRMLoginTest" time="7.527"/>
  <system-out/>
</testsuite> <!-- dataDrivenTestPackage.OrangeHRMLoginTest -->
